Gettting ESP data for FONTENELLE RESERVOIR
  Downloading and processing espdly.5yr
  Downloading and processing espdly.1yr
  Downloading and processing espmvol.5yr.raw
  Downloading and processing espmvol.5yr.adj
  Writting FONTENELLE RESERVOIR espdly.5yr to HDB.
    53% of data failed - [500, 500, 500, 500, 500, 500, 500, 500, 500, 500, 500, 500, 500, 500, 500, 500, 500, 500, 500, 500]
Gettting ESP data for FONTENELLE RESERVOIR
  Downloading and processing espdly.5yr
  Downloading and processing espdly.1yr
  Downloading and processing espmvol.5yr.raw
  Downloading and processing espmvol.5yr.adj
  Writting FONTENELLE RESERVOIR espdly.5yr to HDB.
    84% of data failed - [500, 500, 500, 500, 500, 500, 500, 500, 500, 500, 500, 500, 500, 500, 500, 500, 500, 500, 500, 500, 500, 500, 500, 500, 500, 500, 500, 500, 500, 500, 500, 500]
Gettting ESP data for FONTENELLE RESERVOIR
  Downloading and processing espdly.5yr
  Downloading and processing espdly.1yr
  Downloading and processing espmvol.5yr.raw
  Downloading and processing espmvol.5yr.adj
  Writting FONTENELLE RESERVOIR VOLUME OF INFLOW espdly.5yr to HDB.
    Success!
Gettting ESP data for FONTENELLE RESERVOIR
  Downloading and processing espdly.5yr
  Downloading and processing espdly.1yr
  Downloading and processing espmvol.5yr.raw
  Downloading and processing espmvol.5yr.adj
  Writting FONTENELLE RESERVOIR VOLUME OF INFLOW espdly.5yr to HDB.
    24% of data failed - [500, 500, 500, 500, 500, 500, 500, 500, 500]
  Writting FONTENELLE RESERVOIR VOLUME OF INFLOW espdly.1yr to HDB.
    29% of data failed - [500, 500, 500, 500, 500, 500, 500, 500, 500, 500, 500]
  Writting FONTENELLE RESERVOIR VOLUME OF INFLOW espmvol.5yr.raw to HDB.
    71% of data failed - [500, 500, 500, 500, 500, 500, 500, 500, 500, 500, 500, 500, 500, 500, 500, 500, 500, 500, 500, 500, 500, 500, 500, 500, 500, 500, 500]
  Writting FONTENELLE RESERVOIR VOLUME OF INFLOW espmvol.5yr.adj to HDB.
    100% of data failed - [500, 500, 500, 500, 500, 500, 500, 500, 500, 500, 500, 500, 500, 500, 500, 500, 500, 500, 500, 500, 500, 500, 500, 500, 500, 500, 500, 500, 500, 500, 500, 500, 500, 500, 500, 500, 500, 500]
Gettting ESP data for FLAMING GORGE RESERVOIR
  Downloading and processing espdly.5yr
  Downloading and processing espdly.1yr
  Downloading and processing espmvol.5yr.raw
  Downloading and processing espmvol.5yr.adj
  Writting FLAMING GORGE RESERVOIR VOLUME OF INFLOW espdly.5yr to HDB.
    16% of data failed - [500, 500, 500, 500, 500, 500]
  Writting FLAMING GORGE RESERVOIR VOLUME OF INFLOW espdly.5yr to HDB.
